0 info it worked if it ends with ok
1 verbose cli [ '/Users/meyerzhao/.nvm/versions/node/v6.14.1/bin/node',
1 verbose cli   '/Users/meyerzhao/.nvm/versions/node/v6.14.1/bin/npm',
1 verbose cli   'run',
1 verbose cli   'lint:fix' ]
2 info using npm@3.10.10
3 info using node@v6.14.1
4 verbose run-script [ 'prelint:fix', 'lint:fix', 'postlint:fix' ]
5 info lifecycle covermore_farmers@1.0.0~prelint:fix: covermore_farmers@1.0.0
6 silly lifecycle covermore_farmers@1.0.0~prelint:fix: no script for prelint:fix, continuing
7 info lifecycle covermore_farmers@1.0.0~lint:fix: covermore_farmers@1.0.0
8 verbose lifecycle covermore_farmers@1.0.0~lint:fix: unsafe-perm in lifecycle true
9 verbose lifecycle covermore_farmers@1.0.0~lint:fix: PATH: /Users/meyerzhao/.nvm/versions/node/v6.14.1/lib/node_modules/npm/bin/node-gyp-bin:/Users/meyerzhao/CIandT/covermore/CoverMore-UI/source/theme/covermore_farmers/node_modules/.bin:/Users/meyerzhao/.nvm/versions/node/v6.14.1/bin:/usr/local/opt/php@7.4/sbin:/usr/local/opt/php@7.4/bin:/usr/local/opt/php@7.3/sbin:/usr/local/opt/php@7.3/bin:/Users/meyerzhao/.nvm/versions/node/v12.18.3/bin:/Library/Frameworks/Python.framework/Versions/3.10/bin:/usr/local/bin:/usr/bin:/bin:/usr/sbin:/sbin:/Library/Apple/usr/bin:/usr/local/opt/php@7.4/sbin:/usr/local/opt/php@7.4/bin:/usr/local/opt/php@7.3/sbin:/usr/local/opt/php@7.3/bin:/Users/meyerzhao/.nvm/versions/node/v12.18.3/bin:/Library/Frameworks/Python.framework/Versions/3.10/bin
10 verbose lifecycle covermore_farmers@1.0.0~lint:fix: CWD: /Users/meyerzhao/CIandT/covermore/CoverMore-UI/source/theme/covermore_farmers
11 silly lifecycle covermore_farmers@1.0.0~lint:fix: Args: [ '-c', 'sass-lint-auto-fix' ]
12 silly lifecycle covermore_farmers@1.0.0~lint:fix: Returned: code: 1  signal: null
13 info lifecycle covermore_farmers@1.0.0~lint:fix: Failed to exec lint:fix script
14 verbose stack Error: covermore_farmers@1.0.0 lint:fix: `sass-lint-auto-fix`
14 verbose stack Exit status 1
14 verbose stack     at EventEmitter.<anonymous> (/Users/meyerzhao/.nvm/versions/node/v6.14.1/lib/node_modules/npm/lib/utils/lifecycle.js:255:16)
14 verbose stack     at emitTwo (events.js:106:13)
14 verbose stack     at EventEmitter.emit (events.js:191:7)
14 verbose stack     at ChildProcess.<anonymous> (/Users/meyerzhao/.nvm/versions/node/v6.14.1/lib/node_modules/npm/lib/utils/spawn.js:40:14)
14 verbose stack     at emitTwo (events.js:106:13)
14 verbose stack     at ChildProcess.emit (events.js:191:7)
14 verbose stack     at maybeClose (internal/child_process.js:920:16)
14 verbose stack     at Process.ChildProcess._handle.onexit (internal/child_process.js:230:5)
15 verbose pkgid covermore_farmers@1.0.0
16 verbose cwd /Users/meyerzhao/CIandT/covermore/CoverMore-UI/source/theme/covermore_farmers
17 error Darwin 19.6.0
18 error argv "/Users/meyerzhao/.nvm/versions/node/v6.14.1/bin/node" "/Users/meyerzhao/.nvm/versions/node/v6.14.1/bin/npm" "run" "lint:fix"
19 error node v6.14.1
20 error npm  v3.10.10
21 error code ELIFECYCLE
22 error covermore_farmers@1.0.0 lint:fix: `sass-lint-auto-fix`
22 error Exit status 1
23 error Failed at the covermore_farmers@1.0.0 lint:fix script 'sass-lint-auto-fix'.
23 error Make sure you have the latest version of node.js and npm installed.
23 error If you do, this is most likely a problem with the covermore_farmers package,
23 error not with npm itself.
23 error Tell the author that this fails on your system:
23 error     sass-lint-auto-fix
23 error You can get information on how to open an issue for this project with:
23 error     npm bugs covermore_farmers
23 error Or if that isn't available, you can get their info via:
23 error     npm owner ls covermore_farmers
23 error There is likely additional logging output above.
24 verbose exit [ 1, true ]
